<?xml version="1.0" encoding="windows-1252" standalone="no"?>
<!DOCTYPE log SYSTEM "logger.dtd">
<log>
<record>
  <date>2016-07-21T19:40:46</date>
  <millis>1469144446175</millis>
  <sequence>0</sequence>
  <logger>Dollard2</logger>
  <level>INFO</level>
  <class>utilities.RmiLogger</class>
  <method>log</method>
  <thread>12</thread>
  <message>SUCCESS: New Doctor Created.</message>
</record>
<?xml version="1.0" encoding="windows-1252" standalone="no"?>
<!DOCTYPE log SYSTEM "logger.dtd">
<log>
<record>
  <date>2016-07-21T19:47:57</date>
  <millis>1469144877722</millis>
  <sequence>0</sequence>
  <logger>Dollard2</logger>
  <level>INFO</level>
  <class>utilities.RmiLogger</class>
  <method>log</method>
  <thread>12</thread>
  <message>SUCCESS: New Doctor Created.</message>
</record>
<record>
  <date>2016-07-21T19:48:25</date>
  <millis>1469144905752</millis>
  <sequence>1</sequence>
  <logger>Dollard2</logger>
  <level>INFO</level>
  <class>utilities.RmiLogger</class>
  <method>log</method>
  <thread>12</thread>
  <message>SUCCESS: New Doctor Created.</message>
</record>
<record>
  <date>2016-07-21T19:48:37</date>
  <millis>1469144917777</millis>
  <sequence>2</sequence>
  <logger>Dollard2</logger>
  <level>INFO</level>
  <class>utilities.RmiLogger</class>
  <method>log</method>
  <thread>12</thread>
  <message>SUCCESS: New Doctor Created.</message>
</record>
<?xml version="1.0" encoding="windows-1252" standalone="no"?>
<!DOCTYPE log SYSTEM "logger.dtd">
<log>
<record>
  <date>2016-07-21T19:54:40</date>
  <millis>1469145280971</millis>
  <sequence>0</sequence>
  <logger>Dollard2</logger>
  <level>INFO</level>
  <class>utilities.RmiLogger</class>
  <method>log</method>
  <thread>12</thread>
  <message>SUCCESS: New Doctor Created.</message>
</record>
